  [1m[36mSQL (0.4ms)[0m  [1mSET client_min_messages TO 'warning'[0m
  [1m[35mSQL (1.0ms)[0m  SHOW client_min_messages
  [1m[36mSQL (0.5ms)[0m  [1mSET client_min_messages TO 'panic'[0m
  [1m[35mSQL (0.4ms)[0m  SET standard_conforming_strings = on
  [1m[36mSQL (0.4ms)[0m  [1mSET client_min_messages TO 'warning'[0m
  [1m[35mSQL (99.3ms)[0m  SET time zone 'UTC'
  [1m[36mSQL (0.9ms)[0m  [1mSHOW TIME ZONE[0m
  [1m[35mSQL (10.4ms)[0m   SELECT COUNT(*)
 FROM pg_tables
 WHERE tablename = 'schema_migrations'
 
  [1m[36mSQL (10.4ms)[0m  [1mCREATE TABLE "schema_migrations" ("version" character varying(255) NOT NULL) [0m
  [1m[35mSQL (33.2ms)[0m  CREATE UNIQUE INDEX "unique_schema_migrations" ON "schema_migrations" ("version")
  [1m[36mSQL (1.4ms)[0m  [1m SELECT COUNT(*)
 FROM pg_tables
 WHERE tablename = 'schema_info'
 
[0m
  [1m[35mSQL (1.3ms)[0m   SELECT COUNT(*)
 FROM pg_tables
 WHERE tablename = 'schema_migrations'
 
  [1m[36mSQL (3.8ms)[0m  [1m SELECT tablename
 FROM pg_tables
 WHERE schemaname = ANY (current_schemas(false))
[0m
  [1m[35mSQL (1.1ms)[0m  SELECT * FROM geometry_columns WHERE f_table_name = 'schema_migrations'
PGError: ERROR:  relation "geometry_columns" does not exist
LINE 1: SELECT * FROM geometry_columns WHERE f_table_name = 'schema_...
                      ^
: SELECT * FROM geometry_columns WHERE f_table_name = 'schema_migrations'
  [1m[36mSQL (1.3ms)[0m  [1m SELECT tablename
 FROM pg_tables
 WHERE schemaname = ANY (current_schemas(false))
[0m
  [1m[36mSQL (0.4ms)[0m  [1mSET client_min_messages TO 'warning'[0m
  [1m[35mSQL (0.8ms)[0m  SHOW client_min_messages
  [1m[36mSQL (0.4ms)[0m  [1mSET client_min_messages TO 'panic'[0m
  [1m[35mSQL (0.6ms)[0m  SET standard_conforming_strings = on
  [1m[36mSQL (0.4ms)[0m  [1mSET client_min_messages TO 'warning'[0m
  [1m[35mSQL (15.5ms)[0m  SET time zone 'UTC'
  [1m[36mSQL (0.4ms)[0m  [1mSHOW TIME ZONE[0m
  [1m[35mSQL (5.6ms)[0m   SELECT COUNT(*)
 FROM pg_tables
 WHERE tablename = 'schema_migrations'
 
  [1m[36mSQL (2.0ms)[0m  [1m SELECT tablename
 FROM pg_tables
 WHERE schemaname = ANY (current_schemas(false))
[0m
  [1m[35mSQL (1.0ms)[0m  SELECT * FROM geometry_columns WHERE f_table_name = 'schema_migrations'
PGError: ERROR:  relation "geometry_columns" does not exist
LINE 1: SELECT * FROM geometry_columns WHERE f_table_name = 'schema_...
                      ^
: SELECT * FROM geometry_columns WHERE f_table_name = 'schema_migrations'
  [1m[36mSQL (0.4ms)[0m  [1mSET client_min_messages TO 'warning'[0m
  [1m[35mSQL (0.9ms)[0m  SHOW client_min_messages
  [1m[36mSQL (0.4ms)[0m  [1mSET client_min_messages TO 'panic'[0m
  [1m[35mSQL (0.5ms)[0m  SET standard_conforming_strings = on
  [1m[36mSQL (0.4ms)[0m  [1mSET client_min_messages TO 'warning'[0m
  [1m[35mSQL (1.2ms)[0m  SET time zone 'UTC'
  [1m[36mSQL (0.5ms)[0m  [1mSHOW TIME ZONE[0m
  [1m[35mSQL (7.7ms)[0m   SELECT COUNT(*)
 FROM pg_tables
 WHERE tablename = 'schema_migrations'
 
  [1m[36mSQL (1.9ms)[0m  [1m SELECT tablename
 FROM pg_tables
 WHERE schemaname = ANY (current_schemas(false))
[0m
  [1m[35mSQL (1.0ms)[0m  SELECT * FROM geometry_columns WHERE f_table_name = 'schema_migrations'
PGError: ERROR:  relation "geometry_columns" does not exist
LINE 1: SELECT * FROM geometry_columns WHERE f_table_name = 'schema_...
                      ^
: SELECT * FROM geometry_columns WHERE f_table_name = 'schema_migrations'
  [1m[36mSQL (0.4ms)[0m  [1mSET client_min_messages TO 'warning'[0m
  [1m[35mSQL (0.8ms)[0m  SHOW client_min_messages
  [1m[36mSQL (0.5ms)[0m  [1mSET client_min_messages TO 'panic'[0m
  [1m[35mSQL (0.5ms)[0m  SET standard_conforming_strings = on
  [1m[36mSQL (0.4ms)[0m  [1mSET client_min_messages TO 'warning'[0m
  [1m[35mSQL (1.1ms)[0m  SET time zone 'UTC'
  [1m[36mSQL (0.4ms)[0m  [1mSHOW TIME ZONE[0m
  [1m[35mSQL (6.2ms)[0m   SELECT COUNT(*)
 FROM pg_tables
 WHERE tablename = 'schema_migrations'
 
  [1m[36mSQL (3.1ms)[0m  [1m SELECT tablename
 FROM pg_tables
 WHERE schemaname = ANY (current_schemas(false))
[0m
  [1m[35mSQL (1.0ms)[0m  SELECT * FROM geometry_columns WHERE f_table_name = 'schema_migrations'
PGError: ERROR:  relation "geometry_columns" does not exist
LINE 1: SELECT * FROM geometry_columns WHERE f_table_name = 'schema_...
                      ^
: SELECT * FROM geometry_columns WHERE f_table_name = 'schema_migrations'
  [1m[36mSQL (0.4ms)[0m  [1mSET client_min_messages TO 'warning'[0m
  [1m[35mSQL (0.8ms)[0m  SHOW client_min_messages
  [1m[36mSQL (0.4ms)[0m  [1mSET client_min_messages TO 'panic'[0m
  [1m[35mSQL (0.5ms)[0m  SET standard_conforming_strings = on
  [1m[36mSQL (0.4ms)[0m  [1mSET client_min_messages TO 'warning'[0m
  [1m[35mSQL (0.9ms)[0m  SET time zone 'UTC'
  [1m[36mSQL (0.4ms)[0m  [1mSHOW TIME ZONE[0m
  [1m[35mSQL (5.8ms)[0m   SELECT COUNT(*)
 FROM pg_tables
 WHERE tablename = 'schema_migrations'
 
  [1m[36mSQL (2.3ms)[0m  [1m SELECT tablename
 FROM pg_tables
 WHERE schemaname = ANY (current_schemas(false))
[0m
  [1m[35mSQL (72.4ms)[0m   SELECT a.attname, format_type(a.atttypid, a.atttypmod), d.adsrc, a.attnotnull
 FROM pg_attribute a LEFT JOIN pg_attrdef d
 ON a.attrelid = d.adrelid AND a.attnum = d.adnum
 WHERE a.attrelid = '"schema_migrations"'::regclass
 AND a.attnum > 0 AND NOT a.attisdropped
 ORDER BY a.attnum
  [1m[36mSQL (1.2ms)[0m  [1mSELECT "schema_migrations"."version" FROM "schema_migrations"[0m
Migrating to CreatePositions (20110217094132)
  [1m[35mSQL (0.5ms)[0m  BEGIN
  [1m[36mSQL (226.2ms)[0m  [1mCREATE TABLE "positions" ("id" serial primary key, "created_at" timestamp, "updated_at" timestamp) [0m
  [1m[35mSQL (3.1ms)[0m   SELECT a.attname, format_type(a.atttypid, a.atttypmod), d.adsrc, a.attnotnull
 FROM pg_attribute a LEFT JOIN pg_attrdef d
 ON a.attrelid = d.adrelid AND a.attnum = d.adnum
 WHERE a.attrelid = '"schema_migrations"'::regclass
 AND a.attnum > 0 AND NOT a.attisdropped
 ORDER BY a.attnum
  [1m[36mPK and serial sequence (71.5ms)[0m  [1m SELECT attr.attname, seq.relname
 FROM pg_class seq,
 pg_attribute attr,
 pg_depend dep,
 pg_namespace name,
 pg_constraint cons
 WHERE seq.oid = dep.objid
 AND seq.relkind = 'S'
 AND attr.attrelid = dep.refobjid
 AND attr.attnum = dep.refobjsubid
 AND attr.attrelid = cons.conrelid
 AND attr.attnum = cons.conkey[1]
 AND cons.contype = 'p'
 AND dep.refobjid = '"schema_migrations"'::regclass
[0m
  [1m[35mPK and custom sequence (64.4ms)[0m   SELECT attr.attname,
 CASE
 WHEN split_part(def.adsrc, '''', 2) ~ '.' THEN
 substr(split_part(def.adsrc, '''', 2),
 strpos(split_part(def.adsrc, '''', 2), '.')+1)
 ELSE split_part(def.adsrc, '''', 2)
 END
 FROM pg_class t
 JOIN pg_attribute attr ON (t.oid = attrelid)
 JOIN pg_attrdef def ON (adrelid = attrelid AND adnum = attnum)
 JOIN pg_constraint cons ON (conrelid = adrelid AND adnum = conkey[1])
 WHERE t.oid = '"schema_migrations"'::regclass
 AND cons.contype = 'p'
 AND def.adsrc ~* 'nextval'
  [1m[36mSQL (44.4ms)[0m  [1mINSERT INTO "schema_migrations" ("version") VALUES ('20110217094132')[0m
  [1m[35mPK and serial sequence (6.3ms)[0m   SELECT attr.attname, seq.relname
 FROM pg_class seq,
 pg_attribute attr,
 pg_depend dep,
 pg_namespace name,
 pg_constraint cons
 WHERE seq.oid = dep.objid
 AND seq.relkind = 'S'
 AND attr.attrelid = dep.refobjid
 AND attr.attnum = dep.refobjsubid
 AND attr.attrelid = cons.conrelid
 AND attr.attnum = cons.conkey[1]
 AND cons.contype = 'p'
 AND dep.refobjid = '"schema_migrations"'::regclass
  [1m[36mPK and custom sequence (3.9ms)[0m  [1m SELECT attr.attname,
 CASE
 WHEN split_part(def.adsrc, '''', 2) ~ '.' THEN
 substr(split_part(def.adsrc, '''', 2),
 strpos(split_part(def.adsrc, '''', 2), '.')+1)
 ELSE split_part(def.adsrc, '''', 2)
 END
 FROM pg_class t
 JOIN pg_attribute attr ON (t.oid = attrelid)
 JOIN pg_attrdef def ON (adrelid = attrelid AND adnum = attnum)
 JOIN pg_constraint cons ON (conrelid = adrelid AND adnum = conkey[1])
 WHERE t.oid = '"schema_migrations"'::regclass
 AND cons.contype = 'p'
 AND def.adsrc ~* 'nextval'
[0m
  [1m[35mSQL (1.9ms)[0m  COMMIT
  [1m[36mSQL (1.5ms)[0m  [1m SELECT COUNT(*)
 FROM pg_tables
 WHERE tablename = 'schema_migrations'
 
[0m
  [1m[35mSQL (1.9ms)[0m   SELECT a.attname, format_type(a.atttypid, a.atttypmod), d.adsrc, a.attnotnull
 FROM pg_attribute a LEFT JOIN pg_attrdef d
 ON a.attrelid = d.adrelid AND a.attnum = d.adnum
 WHERE a.attrelid = '"schema_migrations"'::regclass
 AND a.attnum > 0 AND NOT a.attisdropped
 ORDER BY a.attnum
  [1m[36mSQL (0.7ms)[0m  [1mSELECT "schema_migrations"."version" FROM "schema_migrations"[0m
  [1m[35mSQL (1.4ms)[0m   SELECT tablename
 FROM pg_tables
 WHERE schemaname = ANY (current_schemas(false))
  [1m[36mSQL (1.3ms)[0m  [1m SELECT a.attname, format_type(a.atttypid, a.atttypmod), d.adsrc, a.attnotnull
 FROM pg_attribute a LEFT JOIN pg_attrdef d
 ON a.attrelid = d.adrelid AND a.attnum = d.adnum
 WHERE a.attrelid = '"positions"'::regclass
 AND a.attnum > 0 AND NOT a.attisdropped
 ORDER BY a.attnum
[0m
  [1m[35mPK and serial sequence (3.5ms)[0m   SELECT attr.attname, seq.relname
 FROM pg_class seq,
 pg_attribute attr,
 pg_depend dep,
 pg_namespace name,
 pg_constraint cons
 WHERE seq.oid = dep.objid
 AND seq.relkind = 'S'
 AND attr.attrelid = dep.refobjid
 AND attr.attnum = dep.refobjsubid
 AND attr.attrelid = cons.conrelid
 AND attr.attnum = cons.conkey[1]
 AND cons.contype = 'p'
 AND dep.refobjid = '"positions"'::regclass
  [1m[36mSQL (1.2ms)[0m  [1mSHOW search_path[0m
  [1m[35mSQL (2.9ms)[0m   SELECT distinct i.relname, d.indisunique, d.indkey, t.oid
 FROM pg_class t, pg_class i, pg_index d
 WHERE i.relkind = 'i'
 AND d.indexrelid = i.oid
 AND d.indisprimary = 'f'
 AND t.oid = d.indrelid
 AND t.relname = 'positions'
 AND i.relnamespace IN (SELECT oid FROM pg_namespace WHERE nspname IN ('"$user"','public') )
 ORDER BY i.relname
  [1m[36mSQL (1.0ms)[0m  [1mSET client_min_messages TO 'warning'[0m
  [1m[35mSQL (1.4ms)[0m  SHOW client_min_messages
  [1m[36mSQL (0.4ms)[0m  [1mSET client_min_messages TO 'panic'[0m
  [1m[35mSQL (0.5ms)[0m  SET standard_conforming_strings = on
  [1m[36mSQL (0.4ms)[0m  [1mSET client_min_messages TO 'warning'[0m
  [1m[35mSQL (1.1ms)[0m  SET time zone 'UTC'
  [1m[36mSQL (0.5ms)[0m  [1mSHOW TIME ZONE[0m
  [1m[35mSQL (6.9ms)[0m   SELECT COUNT(*)
 FROM pg_tables
 WHERE tablename = 'schema_migrations'
 
  [1m[36mSQL (2.0ms)[0m  [1m SELECT tablename
 FROM pg_tables
 WHERE schemaname = ANY (current_schemas(false))
[0m
  [1m[35mSQL (1.0ms)[0m  SELECT * FROM geometry_columns WHERE f_table_name = 'schema_migrations'
PGError: ERROR:  relation "geometry_columns" does not exist
LINE 1: SELECT * FROM geometry_columns WHERE f_table_name = 'schema_...
                      ^
: SELECT * FROM geometry_columns WHERE f_table_name = 'schema_migrations'
  [1m[36mSQL (1.5ms)[0m  [1mSET client_min_messages TO 'warning'[0m
  [1m[35mSQL (39.3ms)[0m  SHOW client_min_messages
  [1m[36mSQL (0.8ms)[0m  [1mSET client_min_messages TO 'panic'[0m
  [1m[35mSQL (0.9ms)[0m  SET standard_conforming_strings = on
  [1m[36mSQL (0.7ms)[0m  [1mSET client_min_messages TO 'warning'[0m
  [1m[35mSQL (67.8ms)[0m  SET time zone 'UTC'
  [1m[36mSQL (0.7ms)[0m  [1mSHOW TIME ZONE[0m
  [1m[35mSQL (90.0ms)[0m   SELECT COUNT(*)
 FROM pg_tables
 WHERE tablename = 'schema_migrations'
 
  [1m[36mSQL (4.1ms)[0m  [1m SELECT tablename
 FROM pg_tables
 WHERE schemaname = ANY (current_schemas(false))
[0m
  [1m[35mSQL (9.4ms)[0m   SELECT a.attname, format_type(a.atttypid, a.atttypmod), d.adsrc, a.attnotnull
 FROM pg_attribute a LEFT JOIN pg_attrdef d
 ON a.attrelid = d.adrelid AND a.attnum = d.adnum
 WHERE a.attrelid = '"schema_migrations"'::regclass
 AND a.attnum > 0 AND NOT a.attisdropped
 ORDER BY a.attnum
  [1m[36mSQL (1.7ms)[0m  [1mSELECT "schema_migrations"."version" FROM "schema_migrations"[0m
Migrating to CreateLocations (20110217094841)
  [1m[35mSQL (0.6ms)[0m  BEGIN
  [1m[36mSQL (94.9ms)[0m  [1mCREATE TABLE "locations" ("id" serial primary key, "created_at" timestamp, "updated_at" timestamp) [0m
  [1m[35mSQL (2.0ms)[0m   SELECT a.attname, format_type(a.atttypid, a.atttypmod), d.adsrc, a.attnotnull
 FROM pg_attribute a LEFT JOIN pg_attrdef d
 ON a.attrelid = d.adrelid AND a.attnum = d.adnum
 WHERE a.attrelid = '"schema_migrations"'::regclass
 AND a.attnum > 0 AND NOT a.attisdropped
 ORDER BY a.attnum
  [1m[36mPK and serial sequence (7.3ms)[0m  [1m SELECT attr.attname, seq.relname
 FROM pg_class seq,
 pg_attribute attr,
 pg_depend dep,
 pg_namespace name,
 pg_constraint cons
 WHERE seq.oid = dep.objid
 AND seq.relkind = 'S'
 AND attr.attrelid = dep.refobjid
 AND attr.attnum = dep.refobjsubid
 AND attr.attrelid = cons.conrelid
 AND attr.attnum = cons.conkey[1]
 AND cons.contype = 'p'
 AND dep.refobjid = '"schema_migrations"'::regclass
[0m
  [1m[35mPK and custom sequence (2.7ms)[0m   SELECT attr.attname,
 CASE
 WHEN split_part(def.adsrc, '''', 2) ~ '.' THEN
 substr(split_part(def.adsrc, '''', 2),
 strpos(split_part(def.adsrc, '''', 2), '.')+1)
 ELSE split_part(def.adsrc, '''', 2)
 END
 FROM pg_class t
 JOIN pg_attribute attr ON (t.oid = attrelid)
 JOIN pg_attrdef def ON (adrelid = attrelid AND adnum = attnum)
 JOIN pg_constraint cons ON (conrelid = adrelid AND adnum = conkey[1])
 WHERE t.oid = '"schema_migrations"'::regclass
 AND cons.contype = 'p'
 AND def.adsrc ~* 'nextval'
  [1m[36mSQL (0.9ms)[0m  [1mINSERT INTO "schema_migrations" ("version") VALUES ('20110217094841')[0m
  [1m[35mPK and serial sequence (13.5ms)[0m   SELECT attr.attname, seq.relname
 FROM pg_class seq,
 pg_attribute attr,
 pg_depend dep,
 pg_namespace name,
 pg_constraint cons
 WHERE seq.oid = dep.objid
 AND seq.relkind = 'S'
 AND attr.attrelid = dep.refobjid
 AND attr.attnum = dep.refobjsubid
 AND attr.attrelid = cons.conrelid
 AND attr.attnum = cons.conkey[1]
 AND cons.contype = 'p'
 AND dep.refobjid = '"schema_migrations"'::regclass
  [1m[36mPK and custom sequence (2.2ms)[0m  [1m SELECT attr.attname,
 CASE
 WHEN split_part(def.adsrc, '''', 2) ~ '.' THEN
 substr(split_part(def.adsrc, '''', 2),
 strpos(split_part(def.adsrc, '''', 2), '.')+1)
 ELSE split_part(def.adsrc, '''', 2)
 END
 FROM pg_class t
 JOIN pg_attribute attr ON (t.oid = attrelid)
 JOIN pg_attrdef def ON (adrelid = attrelid AND adnum = attnum)
 JOIN pg_constraint cons ON (conrelid = adrelid AND adnum = conkey[1])
 WHERE t.oid = '"schema_migrations"'::regclass
 AND cons.contype = 'p'
 AND def.adsrc ~* 'nextval'
[0m
  [1m[35mSQL (12.0ms)[0m  COMMIT
Migrating to CreateScrappers (20110217094904)
  [1m[36mSQL (0.6ms)[0m  [1mBEGIN[0m
  [1m[35mSQL (0.5ms)[0m  ROLLBACK
  [1m[36mSQL (0.4ms)[0m  [1mSET client_min_messages TO 'warning'[0m
  [1m[35mSQL (6.9ms)[0m  SHOW client_min_messages
  [1m[36mSQL (0.9ms)[0m  [1mSET client_min_messages TO 'panic'[0m
  [1m[35mSQL (1.2ms)[0m  SET standard_conforming_strings = on
  [1m[36mSQL (1.1ms)[0m  [1mSET client_min_messages TO 'warning'[0m
  [1m[35mSQL (1.6ms)[0m  SET time zone 'UTC'
  [1m[36mSQL (0.8ms)[0m  [1mSHOW TIME ZONE[0m
  [1m[35mSQL (6.0ms)[0m   SELECT COUNT(*)
 FROM pg_tables
 WHERE tablename = 'schema_migrations'
 
  [1m[36mSQL (1.9ms)[0m  [1m SELECT tablename
 FROM pg_tables
 WHERE schemaname = ANY (current_schemas(false))
[0m
  [1m[35mSQL (3.6ms)[0m   SELECT a.attname, format_type(a.atttypid, a.atttypmod), d.adsrc, a.attnotnull
 FROM pg_attribute a LEFT JOIN pg_attrdef d
 ON a.attrelid = d.adrelid AND a.attnum = d.adnum
 WHERE a.attrelid = '"schema_migrations"'::regclass
 AND a.attnum > 0 AND NOT a.attisdropped
 ORDER BY a.attnum
  [1m[36mSQL (1.0ms)[0m  [1mSELECT "schema_migrations"."version" FROM "schema_migrations"[0m
Migrating to CreateLocations (20110217094841)
Migrating to CreateScrappers (20110217094904)
  [1m[35mSQL (0.4ms)[0m  BEGIN
  [1m[36mSQL (0.5ms)[0m  [1mROLLBACK[0m
  [1m[36mSQL (0.4ms)[0m  [1mSET client_min_messages TO 'warning'[0m
  [1m[35mSQL (0.8ms)[0m  SHOW client_min_messages
  [1m[36mSQL (0.4ms)[0m  [1mSET client_min_messages TO 'panic'[0m
  [1m[35mSQL (0.6ms)[0m  SET standard_conforming_strings = on
  [1m[36mSQL (0.8ms)[0m  [1mSET client_min_messages TO 'warning'[0m
  [1m[35mSQL (1.0ms)[0m  SET time zone 'UTC'
  [1m[36mSQL (0.4ms)[0m  [1mSHOW TIME ZONE[0m
  [1m[35mSQL (5.4ms)[0m   SELECT COUNT(*)
 FROM pg_tables
 WHERE tablename = 'schema_migrations'
 
  [1m[36mSQL (8.7ms)[0m  [1m SELECT tablename
 FROM pg_tables
 WHERE schemaname = ANY (current_schemas(false))
[0m
  [1m[35mSQL (5.1ms)[0m   SELECT a.attname, format_type(a.atttypid, a.atttypmod), d.adsrc, a.attnotnull
 FROM pg_attribute a LEFT JOIN pg_attrdef d
 ON a.attrelid = d.adrelid AND a.attnum = d.adnum
 WHERE a.attrelid = '"schema_migrations"'::regclass
 AND a.attnum > 0 AND NOT a.attisdropped
 ORDER BY a.attnum
  [1m[36mSQL (16.6ms)[0m  [1mSELECT "schema_migrations"."version" FROM "schema_migrations"[0m
Migrating to CreateLocations (20110217094841)
Migrating to CreateScrappers (20110217094904)
  [1m[35mSQL (0.4ms)[0m  BEGIN
  [1m[36mSQL (24.8ms)[0m  [1mCREATE TABLE "locations" ("id" serial primary key, "created_at" timestamp, "updated_at" timestamp) [0m
PGError: ERROR:  relation "locations" already exists
: CREATE TABLE "locations" ("id" serial primary key, "created_at" timestamp, "updated_at" timestamp) 
  [1m[35mSQL (0.5ms)[0m  ROLLBACK
  [1m[36mSQL (0.4ms)[0m  [1mSET client_min_messages TO 'warning'[0m
  [1m[35mSQL (1.1ms)[0m  SHOW client_min_messages
  [1m[36mSQL (0.4ms)[0m  [1mSET client_min_messages TO 'panic'[0m
  [1m[35mSQL (0.4ms)[0m  SET standard_conforming_strings = on
  [1m[36mSQL (0.4ms)[0m  [1mSET client_min_messages TO 'warning'[0m
  [1m[35mSQL (1.0ms)[0m  SET time zone 'UTC'
  [1m[36mSQL (0.5ms)[0m  [1mSHOW TIME ZONE[0m
  [1m[35mSQL (13.1ms)[0m   SELECT COUNT(*)
 FROM pg_tables
 WHERE tablename = 'schema_migrations'
 
  [1m[36mSQL (10.6ms)[0m  [1mCREATE TABLE "schema_migrations" ("version" character varying(255) NOT NULL) [0m
  [1m[35mSQL (0.6ms)[0m  SHOW search_path
  [1m[36mSQL (4.5ms)[0m  [1m SELECT distinct i.relname, d.indisunique, d.indkey, t.oid
 FROM pg_class t, pg_class i, pg_index d
 WHERE i.relkind = 'i'
 AND d.indexrelid = i.oid
 AND d.indisprimary = 'f'
 AND t.oid = d.indrelid
 AND t.relname = 'schema_migrations'
 AND i.relnamespace IN (SELECT oid FROM pg_namespace WHERE nspname IN ('"$user"','public') )
 ORDER BY i.relname
[0m
  [1m[35mSQL (23.0ms)[0m  CREATE UNIQUE INDEX "unique_schema_migrations" ON "schema_migrations" ("version")
  [1m[36mSQL (1.5ms)[0m  [1m SELECT COUNT(*)
 FROM pg_tables
 WHERE tablename = 'schema_info'
 
[0m
  [1m[35mSQL (1.6ms)[0m   SELECT tablename
 FROM pg_tables
 WHERE schemaname = ANY (current_schemas(false))
  [1m[36mSQL (3.7ms)[0m  [1m SELECT a.attname, format_type(a.atttypid, a.atttypmod), d.adsrc, a.attnotnull
 FROM pg_attribute a LEFT JOIN pg_attrdef d
 ON a.attrelid = d.adrelid AND a.attnum = d.adnum
 WHERE a.attrelid = '"schema_migrations"'::regclass
 AND a.attnum > 0 AND NOT a.attisdropped
 ORDER BY a.attnum
[0m
  [1m[35mSQL (0.9ms)[0m  SELECT "schema_migrations"."version" FROM "schema_migrations"
Migrating to CreateLocations (20110217094841)
  [1m[36mSQL (0.4ms)[0m  [1mBEGIN[0m
  [1m[35mSQL (12.2ms)[0m  CREATE TABLE "locations" ("id" serial primary key, "name" character varying(255), "address" character varying(255), "longitude" decimal, "latitude" decimal, "email" character varying(255), "telephone" character varying(255), "fax" character varying(255), "website" character varying(255), "created_at" timestamp, "updated_at" timestamp) 
  [1m[36mSQL (1.4ms)[0m  [1m SELECT a.attname, format_type(a.atttypid, a.atttypmod), d.adsrc, a.attnotnull
 FROM pg_attribute a LEFT JOIN pg_attrdef d
 ON a.attrelid = d.adrelid AND a.attnum = d.adnum
 WHERE a.attrelid = '"schema_migrations"'::regclass
 AND a.attnum > 0 AND NOT a.attisdropped
 ORDER BY a.attnum
[0m
  [1m[35mPK and serial sequence (6.6ms)[0m   SELECT attr.attname, seq.relname
 FROM pg_class seq,
 pg_attribute attr,
 pg_depend dep,
 pg_namespace name,
 pg_constraint cons
 WHERE seq.oid = dep.objid
 AND seq.relkind = 'S'
 AND attr.attrelid = dep.refobjid
 AND attr.attnum = dep.refobjsubid
 AND attr.attrelid = cons.conrelid
 AND attr.attnum = cons.conkey[1]
 AND cons.contype = 'p'
 AND dep.refobjid = '"schema_migrations"'::regclass
  [1m[36mPK and custom sequence (10.7ms)[0m  [1m SELECT attr.attname,
 CASE
 WHEN split_part(def.adsrc, '''', 2) ~ '.' THEN
 substr(split_part(def.adsrc, '''', 2),
 strpos(split_part(def.adsrc, '''', 2), '.')+1)
 ELSE split_part(def.adsrc, '''', 2)
 END
 FROM pg_class t
 JOIN pg_attribute attr ON (t.oid = attrelid)
 JOIN pg_attrdef def ON (adrelid = attrelid AND adnum = attnum)
 JOIN pg_constraint cons ON (conrelid = adrelid AND adnum = conkey[1])
 WHERE t.oid = '"schema_migrations"'::regclass
 AND cons.contype = 'p'
 AND def.adsrc ~* 'nextval'
[0m
  [1m[35mSQL (1.1ms)[0m  INSERT INTO "schema_migrations" ("version") VALUES ('20110217094841')
  [1m[36mPK and serial sequence (22.9ms)[0m  [1m SELECT attr.attname, seq.relname
 FROM pg_class seq,
 pg_attribute attr,
 pg_depend dep,
 pg_namespace name,
 pg_constraint cons
 WHERE seq.oid = dep.objid
 AND seq.relkind = 'S'
 AND attr.attrelid = dep.refobjid
 AND attr.attnum = dep.refobjsubid
 AND attr.attrelid = cons.conrelid
 AND attr.attnum = cons.conkey[1]
 AND cons.contype = 'p'
 AND dep.refobjid = '"schema_migrations"'::regclass
[0m
  [1m[35mPK and custom sequence (2.1ms)[0m   SELECT attr.attname,
 CASE
 WHEN split_part(def.adsrc, '''', 2) ~ '.' THEN
 substr(split_part(def.adsrc, '''', 2),
 strpos(split_part(def.adsrc, '''', 2), '.')+1)
 ELSE split_part(def.adsrc, '''', 2)
 END
 FROM pg_class t
 JOIN pg_attribute attr ON (t.oid = attrelid)
 JOIN pg_attrdef def ON (adrelid = attrelid AND adnum = attnum)
 JOIN pg_constraint cons ON (conrelid = adrelid AND adnum = conkey[1])
 WHERE t.oid = '"schema_migrations"'::regclass
 AND cons.contype = 'p'
 AND def.adsrc ~* 'nextval'
  [1m[36mSQL (2.8ms)[0m  [1mCOMMIT[0m
Migrating to CreateScrappers (20110217094904)
  [1m[35mSQL (1.0ms)[0m  BEGIN
  [1m[36mSQL (18.4ms)[0m  [1mCREATE TABLE "locations" ("id" serial primary key, "created_at" timestamp, "updated_at" timestamp) [0m
PGError: ERROR:  relation "locations" already exists
: CREATE TABLE "locations" ("id" serial primary key, "created_at" timestamp, "updated_at" timestamp) 
  [1m[35mSQL (0.5ms)[0m  ROLLBACK
  [1m[36mSQL (0.5ms)[0m  [1mSET client_min_messages TO 'warning'[0m
  [1m[35mSQL (0.9ms)[0m  SHOW client_min_messages
  [1m[36mSQL (0.4ms)[0m  [1mSET client_min_messages TO 'panic'[0m
  [1m[35mSQL (0.4ms)[0m  SET standard_conforming_strings = on
  [1m[36mSQL (0.4ms)[0m  [1mSET client_min_messages TO 'warning'[0m
  [1m[35mSQL (1.1ms)[0m  SET time zone 'UTC'
  [1m[36mSQL (0.5ms)[0m  [1mSHOW TIME ZONE[0m
  [1m[35mSQL (6.3ms)[0m   SELECT COUNT(*)
 FROM pg_tables
 WHERE tablename = 'schema_migrations'
 
  [1m[36mSQL (6.7ms)[0m  [1mCREATE TABLE "schema_migrations" ("version" character varying(255) NOT NULL) [0m
  [1m[35mSQL (0.6ms)[0m  SHOW search_path
  [1m[36mSQL (4.4ms)[0m  [1m SELECT distinct i.relname, d.indisunique, d.indkey, t.oid
 FROM pg_class t, pg_class i, pg_index d
 WHERE i.relkind = 'i'
 AND d.indexrelid = i.oid
 AND d.indisprimary = 'f'
 AND t.oid = d.indrelid
 AND t.relname = 'schema_migrations'
 AND i.relnamespace IN (SELECT oid FROM pg_namespace WHERE nspname IN ('"$user"','public') )
 ORDER BY i.relname
[0m
  [1m[35mSQL (4.8ms)[0m  CREATE UNIQUE INDEX "unique_schema_migrations" ON "schema_migrations" ("version")
  [1m[36mSQL (1.3ms)[0m  [1m SELECT COUNT(*)
 FROM pg_tables
 WHERE tablename = 'schema_info'
 
[0m
  [1m[35mSQL (1.7ms)[0m   SELECT tablename
 FROM pg_tables
 WHERE schemaname = ANY (current_schemas(false))
  [1m[36mSQL (3.3ms)[0m  [1m SELECT a.attname, format_type(a.atttypid, a.atttypmod), d.adsrc, a.attnotnull
 FROM pg_attribute a LEFT JOIN pg_attrdef d
 ON a.attrelid = d.adrelid AND a.attnum = d.adnum
 WHERE a.attrelid = '"schema_migrations"'::regclass
 AND a.attnum > 0 AND NOT a.attisdropped
 ORDER BY a.attnum
[0m
  [1m[35mSQL (0.8ms)[0m  SELECT "schema_migrations"."version" FROM "schema_migrations"
Migrating to CreateLocations (20110217094841)
  [1m[36mSQL (0.4ms)[0m  [1mBEGIN[0m
  [1m[35mSQL (17.8ms)[0m  CREATE TABLE "locations" ("id" serial primary key, "name" character varying(255), "address" character varying(255), "longitude" decimal, "latitude" decimal, "email" character varying(255), "telephone" character varying(255), "fax" character varying(255), "website" character varying(255), "created_at" timestamp, "updated_at" timestamp) 
  [1m[36mSQL (1.6ms)[0m  [1m SELECT a.attname, format_type(a.atttypid, a.atttypmod), d.adsrc, a.attnotnull
 FROM pg_attribute a LEFT JOIN pg_attrdef d
 ON a.attrelid = d.adrelid AND a.attnum = d.adnum
 WHERE a.attrelid = '"schema_migrations"'::regclass
 AND a.attnum > 0 AND NOT a.attisdropped
 ORDER BY a.attnum
[0m
  [1m[35mPK and serial sequence (5.2ms)[0m   SELECT attr.attname, seq.relname
 FROM pg_class seq,
 pg_attribute attr,
 pg_depend dep,
 pg_namespace name,
 pg_constraint cons
 WHERE seq.oid = dep.objid
 AND seq.relkind = 'S'
 AND attr.attrelid = dep.refobjid
 AND attr.attnum = dep.refobjsubid
 AND attr.attrelid = cons.conrelid
 AND attr.attnum = cons.conkey[1]
 AND cons.contype = 'p'
 AND dep.refobjid = '"schema_migrations"'::regclass
  [1m[36mPK and custom sequence (2.7ms)[0m  [1m SELECT attr.attname,
 CASE
 WHEN split_part(def.adsrc, '''', 2) ~ '.' THEN
 substr(split_part(def.adsrc, '''', 2),
 strpos(split_part(def.adsrc, '''', 2), '.')+1)
 ELSE split_part(def.adsrc, '''', 2)
 END
 FROM pg_class t
 JOIN pg_attribute attr ON (t.oid = attrelid)
 JOIN pg_attrdef def ON (adrelid = attrelid AND adnum = attnum)
 JOIN pg_constraint cons ON (conrelid = adrelid AND adnum = conkey[1])
 WHERE t.oid = '"schema_migrations"'::regclass
 AND cons.contype = 'p'
 AND def.adsrc ~* 'nextval'
[0m
  [1m[35mSQL (10.3ms)[0m  INSERT INTO "schema_migrations" ("version") VALUES ('20110217094841')
  [1m[36mPK and serial sequence (3.4ms)[0m  [1m SELECT attr.attname, seq.relname
 FROM pg_class seq,
 pg_attribute attr,
 pg_depend dep,
 pg_namespace name,
 pg_constraint cons
 WHERE seq.oid = dep.objid
 AND seq.relkind = 'S'
 AND attr.attrelid = dep.refobjid
 AND attr.attnum = dep.refobjsubid
 AND attr.attrelid = cons.conrelid
 AND attr.attnum = cons.conkey[1]
 AND cons.contype = 'p'
 AND dep.refobjid = '"schema_migrations"'::regclass
[0m
  [1m[35mPK and custom sequence (2.1ms)[0m   SELECT attr.attname,
 CASE
 WHEN split_part(def.adsrc, '''', 2) ~ '.' THEN
 substr(split_part(def.adsrc, '''', 2),
 strpos(split_part(def.adsrc, '''', 2), '.')+1)
 ELSE split_part(def.adsrc, '''', 2)
 END
 FROM pg_class t
 JOIN pg_attribute attr ON (t.oid = attrelid)
 JOIN pg_attrdef def ON (adrelid = attrelid AND adnum = attnum)
 JOIN pg_constraint cons ON (conrelid = adrelid AND adnum = conkey[1])
 WHERE t.oid = '"schema_migrations"'::regclass
 AND cons.contype = 'p'
 AND def.adsrc ~* 'nextval'
  [1m[36mSQL (18.8ms)[0m  [1mCOMMIT[0m
Migrating to CreateScrappers (20110217094904)
  [1m[35mSQL (1.0ms)[0m  BEGIN
  [1m[36mSQL (19.0ms)[0m  [1mCREATE TABLE "scrappers" ("id" serial primary key, "created_at" timestamp, "updated_at" timestamp) [0m
  [1m[35mSQL (1.4ms)[0m   SELECT a.attname, format_type(a.atttypid, a.atttypmod), d.adsrc, a.attnotnull
 FROM pg_attribute a LEFT JOIN pg_attrdef d
 ON a.attrelid = d.adrelid AND a.attnum = d.adnum
 WHERE a.attrelid = '"schema_migrations"'::regclass
 AND a.attnum > 0 AND NOT a.attisdropped
 ORDER BY a.attnum
  [1m[36mPK and serial sequence (4.1ms)[0m  [1m SELECT attr.attname, seq.relname
 FROM pg_class seq,
 pg_attribute attr,
 pg_depend dep,
 pg_namespace name,
 pg_constraint cons
 WHERE seq.oid = dep.objid
 AND seq.relkind = 'S'
 AND attr.attrelid = dep.refobjid
 AND attr.attnum = dep.refobjsubid
 AND attr.attrelid = cons.conrelid
 AND attr.attnum = cons.conkey[1]
 AND cons.contype = 'p'
 AND dep.refobjid = '"schema_migrations"'::regclass
[0m
  [1m[35mPK and custom sequence (2.2ms)[0m   SELECT attr.attname,
 CASE
 WHEN split_part(def.adsrc, '''', 2) ~ '.' THEN
 substr(split_part(def.adsrc, '''', 2),
 strpos(split_part(def.adsrc, '''', 2), '.')+1)
 ELSE split_part(def.adsrc, '''', 2)
 END
 FROM pg_class t
 JOIN pg_attribute attr ON (t.oid = attrelid)
 JOIN pg_attrdef def ON (adrelid = attrelid AND adnum = attnum)
 JOIN pg_constraint cons ON (conrelid = adrelid AND adnum = conkey[1])
 WHERE t.oid = '"schema_migrations"'::regclass
 AND cons.contype = 'p'
 AND def.adsrc ~* 'nextval'
  [1m[36mSQL (0.8ms)[0m  [1mINSERT INTO "schema_migrations" ("version") VALUES ('20110217094904')[0m
  [1m[35mPK and serial sequence (3.2ms)[0m   SELECT attr.attname, seq.relname
 FROM pg_class seq,
 pg_attribute attr,
 pg_depend dep,
 pg_namespace name,
 pg_constraint cons
 WHERE seq.oid = dep.objid
 AND seq.relkind = 'S'
 AND attr.attrelid = dep.refobjid
 AND attr.attnum = dep.refobjsubid
 AND attr.attrelid = cons.conrelid
 AND attr.attnum = cons.conkey[1]
 AND cons.contype = 'p'
 AND dep.refobjid = '"schema_migrations"'::regclass
  [1m[36mPK and custom sequence (17.5ms)[0m  [1m SELECT attr.attname,
 CASE
 WHEN split_part(def.adsrc, '''', 2) ~ '.' THEN
 substr(split_part(def.adsrc, '''', 2),
 strpos(split_part(def.adsrc, '''', 2), '.')+1)
 ELSE split_part(def.adsrc, '''', 2)
 END
 FROM pg_class t
 JOIN pg_attribute attr ON (t.oid = attrelid)
 JOIN pg_attrdef def ON (adrelid = attrelid AND adnum = attnum)
 JOIN pg_constraint cons ON (conrelid = adrelid AND adnum = conkey[1])
 WHERE t.oid = '"schema_migrations"'::regclass
 AND cons.contype = 'p'
 AND def.adsrc ~* 'nextval'
[0m
  [1m[35mSQL (6.3ms)[0m  COMMIT
Migrating to CreateLibraries (20110217094925)
  [1m[36mSQL (0.8ms)[0m  [1mBEGIN[0m
  [1m[35mSQL (34.5ms)[0m  CREATE TABLE "libraries" ("id" serial primary key, "name" character varying(255), "address" character varying(255), "telephone" character varying(255), "fax" character varying(255), "email" character varying(255), "website" character varying(255), "created_at" timestamp, "updated_at" timestamp) 
  [1m[36mSQL (2.4ms)[0m  [1m SELECT a.attname, format_type(a.atttypid, a.atttypmod), d.adsrc, a.attnotnull
 FROM pg_attribute a LEFT JOIN pg_attrdef d
 ON a.attrelid = d.adrelid AND a.attnum = d.adnum
 WHERE a.attrelid = '"schema_migrations"'::regclass
 AND a.attnum > 0 AND NOT a.attisdropped
 ORDER BY a.attnum
[0m
  [1m[35mPK and serial sequence (3.6ms)[0m   SELECT attr.attname, seq.relname
 FROM pg_class seq,
 pg_attribute attr,
 pg_depend dep,
 pg_namespace name,
 pg_constraint cons
 WHERE seq.oid = dep.objid
 AND seq.relkind = 'S'
 AND attr.attrelid = dep.refobjid
 AND attr.attnum = dep.refobjsubid
 AND attr.attrelid = cons.conrelid
 AND attr.attnum = cons.conkey[1]
 AND cons.contype = 'p'
 AND dep.refobjid = '"schema_migrations"'::regclass
  [1m[36mPK and custom sequence (2.3ms)[0m  [1m SELECT attr.attname,
 CASE
 WHEN split_part(def.adsrc, '''', 2) ~ '.' THEN
 substr(split_part(def.adsrc, '''', 2),
 strpos(split_part(def.adsrc, '''', 2), '.')+1)
 ELSE split_part(def.adsrc, '''', 2)
 END
 FROM pg_class t
 JOIN pg_attribute attr ON (t.oid = attrelid)
 JOIN pg_attrdef def ON (adrelid = attrelid AND adnum = attnum)
 JOIN pg_constraint cons ON (conrelid = adrelid AND adnum = conkey[1])
 WHERE t.oid = '"schema_migrations"'::regclass
 AND cons.contype = 'p'
 AND def.adsrc ~* 'nextval'
[0m
  [1m[35mSQL (0.6ms)[0m  INSERT INTO "schema_migrations" ("version") VALUES ('20110217094925')
  [1m[36mPK and serial sequence (3.3ms)[0m  [1m SELECT attr.attname, seq.relname
 FROM pg_class seq,
 pg_attribute attr,
 pg_depend dep,
 pg_namespace name,
 pg_constraint cons
 WHERE seq.oid = dep.objid
 AND seq.relkind = 'S'
 AND attr.attrelid = dep.refobjid
 AND attr.attnum = dep.refobjsubid
 AND attr.attrelid = cons.conrelid
 AND attr.attnum = cons.conkey[1]
 AND cons.contype = 'p'
 AND dep.refobjid = '"schema_migrations"'::regclass
[0m
  [1m[35mPK and custom sequence (12.4ms)[0m   SELECT attr.attname,
 CASE
 WHEN split_part(def.adsrc, '''', 2) ~ '.' THEN
 substr(split_part(def.adsrc, '''', 2),
 strpos(split_part(def.adsrc, '''', 2), '.')+1)
 ELSE split_part(def.adsrc, '''', 2)
 END
 FROM pg_class t
 JOIN pg_attribute attr ON (t.oid = attrelid)
 JOIN pg_attrdef def ON (adrelid = attrelid AND adnum = attnum)
 JOIN pg_constraint cons ON (conrelid = adrelid AND adnum = conkey[1])
 WHERE t.oid = '"schema_migrations"'::regclass
 AND cons.contype = 'p'
 AND def.adsrc ~* 'nextval'
  [1m[36mSQL (13.9ms)[0m  [1mCOMMIT[0m
  [1m[35mSQL (2.9ms)[0m   SELECT COUNT(*)
 FROM pg_tables
 WHERE tablename = 'schema_migrations'
 
  [1m[36mSQL (1.6ms)[0m  [1m SELECT a.attname, format_type(a.atttypid, a.atttypmod), d.adsrc, a.attnotnull
 FROM pg_attribute a LEFT JOIN pg_attrdef d
 ON a.attrelid = d.adrelid AND a.attnum = d.adnum
 WHERE a.attrelid = '"schema_migrations"'::regclass
 AND a.attnum > 0 AND NOT a.attisdropped
 ORDER BY a.attnum
[0m
  [1m[35mSQL (0.8ms)[0m  SELECT "schema_migrations"."version" FROM "schema_migrations"
  [1m[36mSQL (1.4ms)[0m  [1m SELECT tablename
 FROM pg_tables
 WHERE schemaname = ANY (current_schemas(false))
[0m
  [1m[35mSQL (13.6ms)[0m   SELECT a.attname, format_type(a.atttypid, a.atttypmod), d.adsrc, a.attnotnull
 FROM pg_attribute a LEFT JOIN pg_attrdef d
 ON a.attrelid = d.adrelid AND a.attnum = d.adnum
 WHERE a.attrelid = '"libraries"'::regclass
 AND a.attnum > 0 AND NOT a.attisdropped
 ORDER BY a.attnum
  [1m[36mPK and serial sequence (3.7ms)[0m  [1m SELECT attr.attname, seq.relname
 FROM pg_class seq,
 pg_attribute attr,
 pg_depend dep,
 pg_namespace name,
 pg_constraint cons
 WHERE seq.oid = dep.objid
 AND seq.relkind = 'S'
 AND attr.attrelid = dep.refobjid
 AND attr.attnum = dep.refobjsubid
 AND attr.attrelid = cons.conrelid
 AND attr.attnum = cons.conkey[1]
 AND cons.contype = 'p'
 AND dep.refobjid = '"libraries"'::regclass
[0m
  [1m[35mSQL (1.7ms)[0m   SELECT distinct i.relname, d.indisunique, d.indkey, t.oid
 FROM pg_class t, pg_class i, pg_index d
 WHERE i.relkind = 'i'
 AND d.indexrelid = i.oid
 AND d.indisprimary = 'f'
 AND t.oid = d.indrelid
 AND t.relname = 'libraries'
 AND i.relnamespace IN (SELECT oid FROM pg_namespace WHERE nspname IN ('"$user"','public') )
 ORDER BY i.relname
  [1m[36mSQL (1.6ms)[0m  [1m SELECT a.attname, format_type(a.atttypid, a.atttypmod), d.adsrc, a.attnotnull
 FROM pg_attribute a LEFT JOIN pg_attrdef d
 ON a.attrelid = d.adrelid AND a.attnum = d.adnum
 WHERE a.attrelid = '"locations"'::regclass
 AND a.attnum > 0 AND NOT a.attisdropped
 ORDER BY a.attnum
[0m
  [1m[35mPK and serial sequence (3.7ms)[0m   SELECT attr.attname, seq.relname
 FROM pg_class seq,
 pg_attribute attr,
 pg_depend dep,
 pg_namespace name,
 pg_constraint cons
 WHERE seq.oid = dep.objid
 AND seq.relkind = 'S'
 AND attr.attrelid = dep.refobjid
 AND attr.attnum = dep.refobjsubid
 AND attr.attrelid = cons.conrelid
 AND attr.attnum = cons.conkey[1]
 AND cons.contype = 'p'
 AND dep.refobjid = '"locations"'::regclass
  [1m[36mSQL (1.8ms)[0m  [1m SELECT distinct i.relname, d.indisunique, d.indkey, t.oid
 FROM pg_class t, pg_class i, pg_index d
 WHERE i.relkind = 'i'
 AND d.indexrelid = i.oid
 AND d.indisprimary = 'f'
 AND t.oid = d.indrelid
 AND t.relname = 'locations'
 AND i.relnamespace IN (SELECT oid FROM pg_namespace WHERE nspname IN ('"$user"','public') )
 ORDER BY i.relname
[0m
  [1m[35mSQL (19.7ms)[0m   SELECT a.attname, format_type(a.atttypid, a.atttypmod), d.adsrc, a.attnotnull
 FROM pg_attribute a LEFT JOIN pg_attrdef d
 ON a.attrelid = d.adrelid AND a.attnum = d.adnum
 WHERE a.attrelid = '"scrappers"'::regclass
 AND a.attnum > 0 AND NOT a.attisdropped
 ORDER BY a.attnum
  [1m[36mPK and serial sequence (3.7ms)[0m  [1m SELECT attr.attname, seq.relname
 FROM pg_class seq,
 pg_attribute attr,
 pg_depend dep,
 pg_namespace name,
 pg_constraint cons
 WHERE seq.oid = dep.objid
 AND seq.relkind = 'S'
 AND attr.attrelid = dep.refobjid
 AND attr.attnum = dep.refobjsubid
 AND attr.attrelid = cons.conrelid
 AND attr.attnum = cons.conkey[1]
 AND cons.contype = 'p'
 AND dep.refobjid = '"scrappers"'::regclass
[0m
  [1m[35mSQL (1.7ms)[0m   SELECT distinct i.relname, d.indisunique, d.indkey, t.oid
 FROM pg_class t, pg_class i, pg_index d
 WHERE i.relkind = 'i'
 AND d.indexrelid = i.oid
 AND d.indisprimary = 'f'
 AND t.oid = d.indrelid
 AND t.relname = 'scrappers'
 AND i.relnamespace IN (SELECT oid FROM pg_namespace WHERE nspname IN ('"$user"','public') )
 ORDER BY i.relname
  [1m[36mSQL (0.4ms)[0m  [1mSET client_min_messages TO 'warning'[0m
  [1m[35mSQL (0.8ms)[0m  SHOW client_min_messages
  [1m[36mSQL (0.4ms)[0m  [1mSET client_min_messages TO 'panic'[0m
  [1m[35mSQL (0.5ms)[0m  SET standard_conforming_strings = on
  [1m[36mSQL (0.4ms)[0m  [1mSET client_min_messages TO 'warning'[0m
  [1m[35mSQL (1.1ms)[0m  SET time zone 'UTC'
  [1m[36mSQL (0.4ms)[0m  [1mSHOW TIME ZONE[0m
  [1m[35mSQL (6.5ms)[0m   SELECT COUNT(*)
 FROM pg_tables
 WHERE tablename = 'schema_migrations'
 
  [1m[36mSQL (2.1ms)[0m  [1m SELECT tablename
 FROM pg_tables
 WHERE schemaname = ANY (current_schemas(false))
[0m
  [1m[35mSQL (4.0ms)[0m   SELECT a.attname, format_type(a.atttypid, a.atttypmod), d.adsrc, a.attnotnull
 FROM pg_attribute a LEFT JOIN pg_attrdef d
 ON a.attrelid = d.adrelid AND a.attnum = d.adnum
 WHERE a.attrelid = '"schema_migrations"'::regclass
 AND a.attnum > 0 AND NOT a.attisdropped
 ORDER BY a.attnum
  [1m[36mSQL (1.1ms)[0m  [1mSELECT "schema_migrations"."version" FROM "schema_migrations"[0m
  [1m[35mSQL (1.9ms)[0m   SELECT a.attname, format_type(a.atttypid, a.atttypmod), d.adsrc, a.attnotnull
 FROM pg_attribute a LEFT JOIN pg_attrdef d
 ON a.attrelid = d.adrelid AND a.attnum = d.adnum
 WHERE a.attrelid = '"locations"'::regclass
 AND a.attnum > 0 AND NOT a.attisdropped
 ORDER BY a.attnum
  [1m[36mSQL (0.5ms)[0m  [1mBEGIN[0m
  [1m[35mSQL (1.5ms)[0m   SELECT a.attname, format_type(a.atttypid, a.atttypmod), d.adsrc, a.attnotnull
 FROM pg_attribute a LEFT JOIN pg_attrdef d
 ON a.attrelid = d.adrelid AND a.attnum = d.adnum
 WHERE a.attrelid = '"locations"'::regclass
 AND a.attnum > 0 AND NOT a.attisdropped
 ORDER BY a.attnum
  [1m[36mPK and serial sequence (5.5ms)[0m  [1m SELECT attr.attname, seq.relname
 FROM pg_class seq,
 pg_attribute attr,
 pg_depend dep,
 pg_namespace name,
 pg_constraint cons
 WHERE seq.oid = dep.objid
 AND seq.relkind = 'S'
 AND attr.attrelid = dep.refobjid
 AND attr.attnum = dep.refobjsubid
 AND attr.attrelid = cons.conrelid
 AND attr.attnum = cons.conkey[1]
 AND cons.contype = 'p'
 AND dep.refobjid = '"locations"'::regclass
[0m
  [1m[35mSQL (11.3ms)[0m  INSERT INTO "locations" ("email", "telephone", "fax", "updated_at", "longitude", "website", "address", "created_at", "latitude", "name") VALUES (NULL, NULL, NULL, '2011-02-17 10:08:51.986049', NULL, NULL, NULL, '2011-02-17 10:08:51.986049', NULL, 'Soca Togo') RETURNING "id"
  [1m[36mSQL (1.6ms)[0m  [1mCOMMIT[0m
  [1m[35mSQL (0.4ms)[0m  BEGIN
  [1m[36mSQL (0.8ms)[0m  [1mINSERT INTO "locations" ("email", "telephone", "fax", "updated_at", "longitude", "website", "address", "created_at", "latitude", "name") VALUES (NULL, NULL, NULL, '2011-02-17 10:08:52.038554', NULL, NULL, NULL, '2011-02-17 10:08:52.038554', NULL, 'Agri Togo') RETURNING "id"[0m
  [1m[35mSQL (1.1ms)[0m  COMMIT
  [1m[36mSQL (1.6ms)[0m  [1m SELECT a.attname, format_type(a.atttypid, a.atttypmod), d.adsrc, a.attnotnull
 FROM pg_attribute a LEFT JOIN pg_attrdef d
 ON a.attrelid = d.adrelid AND a.attnum = d.adnum
 WHERE a.attrelid = '"libraries"'::regclass
 AND a.attnum > 0 AND NOT a.attisdropped
 ORDER BY a.attnum
[0m
  [1m[35mSQL (0.5ms)[0m  BEGIN
  [1m[36mSQL (1.5ms)[0m  [1m SELECT a.attname, format_type(a.atttypid, a.atttypmod), d.adsrc, a.attnotnull
 FROM pg_attribute a LEFT JOIN pg_attrdef d
 ON a.attrelid = d.adrelid AND a.attnum = d.adnum
 WHERE a.attrelid = '"libraries"'::regclass
 AND a.attnum > 0 AND NOT a.attisdropped
 ORDER BY a.attnum
[0m
  [1m[35mPK and serial sequence (3.5ms)[0m   SELECT attr.attname, seq.relname
 FROM pg_class seq,
 pg_attribute attr,
 pg_depend dep,
 pg_namespace name,
 pg_constraint cons
 WHERE seq.oid = dep.objid
 AND seq.relkind = 'S'
 AND attr.attrelid = dep.refobjid
 AND attr.attnum = dep.refobjsubid
 AND attr.attrelid = cons.conrelid
 AND attr.attnum = cons.conkey[1]
 AND cons.contype = 'p'
 AND dep.refobjid = '"libraries"'::regclass
  [1m[36mSQL (1.8ms)[0m  [1mINSERT INTO "libraries" ("address", "fax", "name", "email", "telephone", "website", "updated_at", "created_at") VALUES ('313 Bvd du 13 Janvier, Immeuble Avenida, BP 8480', '220 31 24', 'SOCA TOGO - JAGO, GINO, POMO', 'http://togophonebook.com/c/e/106520/948.gif', '220 31 24', NULL, '2011-02-17 10:08:52.086284', '2011-02-17 10:08:52.086284') RETURNING "id"[0m
  [1m[35mSQL (1.1ms)[0m  COMMIT
  [1m[36mSQL (0.4ms)[0m  [1mBEGIN[0m
  [1m[35mSQL (0.8ms)[0m  INSERT INTO "libraries" ("address", "fax", "name", "email", "telephone", "website", "updated_at", "created_at") VALUES ('Immeuble Avenida, BP 8480', '265 2 87', 'SOCA TOGO - JAGO', 'http://togophonebook.com/c/e/106520/8.gif', '265 32 94', NULL, '2011-02-17 10:08:52.101559', '2011-02-17 10:08:52.101559') RETURNING "id"
  [1m[36mSQL (1.1ms)[0m  [1mCOMMIT[0m
  [1m[35mSQL (0.3ms)[0m  BEGIN
  [1m[36mSQL (22.7ms)[0m  [1mINSERT INTO "libraries" ("address", "fax", "name", "email", "telephone", "website", "updated_at", "created_at") VALUES ('134, Av.de la Libération, BP 4890', NULL, 'AGRI TOGO 2000', NULL, '222 47 71', NULL, '2011-02-17 10:08:52.108644', '2011-02-17 10:08:52.108644') RETURNING "id"[0m
  [1m[35mSQL (1.1ms)[0m  COMMIT


Started GET "/" for 127.0.0.1 at Thu Feb 17 02:09:35 -0800 2011
  [1m[36mSQL (0.4ms)[0m  [1mSET client_min_messages TO 'warning'[0m
  [1m[35mSQL (1.0ms)[0m  SHOW client_min_messages
  [1m[36mSQL (0.4ms)[0m  [1mSET client_min_messages TO 'panic'[0m
  [1m[35mSQL (0.6ms)[0m  SET standard_conforming_strings = on
  [1m[36mSQL (0.4ms)[0m  [1mSET client_min_messages TO 'warning'[0m
  [1m[35mSQL (1.1ms)[0m  SET time zone 'UTC'
  [1m[36mSQL (0.4ms)[0m  [1mSHOW TIME ZONE[0m
  Processing by LocationsController#index as HTML
  [1m[35mLocation Load (3.2ms)[0m  SELECT "locations".* FROM "locations"
  [1m[36mSQL (5.7ms)[0m  [1m SELECT a.attname, format_type(a.atttypid, a.atttypmod), d.adsrc, a.attnotnull
 FROM pg_attribute a LEFT JOIN pg_attrdef d
 ON a.attrelid = d.adrelid AND a.attnum = d.adnum
 WHERE a.attrelid = '"locations"'::regclass
 AND a.attnum > 0 AND NOT a.attisdropped
 ORDER BY a.attnum
[0m
Rendered locations/index.rhtml within layouts/application (49.6ms)
Completed 200 OK in 105ms (Views: 83.0ms | ActiveRecord: 13.3ms)


Started GET "/libraries/1/edit" for 127.0.0.1 at Thu Feb 17 02:09:36 -0800 2011

ActionController::RoutingError (uninitialized constant LibrariesController):
  

Rendered /usr/lib/ruby/gems/1.8/gems/actionpack-3.0.4/lib/action_dispatch/middleware/templates/rescues/routing_error.erb within rescues/layout (1.5ms)


Started GET "/libraries/3" for 127.0.0.1 at Thu Feb 17 02:09:37 -0800 2011

ActionController::RoutingError (uninitialized constant LibrariesController):
  

Rendered /usr/lib/ruby/gems/1.8/gems/actionpack-3.0.4/lib/action_dispatch/middleware/templates/rescues/routing_error.erb within rescues/layout (1.6ms)


Started GET "/locations/2/edit" for 127.0.0.1 at Thu Feb 17 02:09:43 -0800 2011
  Processing by LocationsController#edit as HTML
  Parameters: {"id"=>"2"}
  [1m[35mSQL (5.6ms)[0m   SELECT tablename
 FROM pg_tables
 WHERE schemaname = ANY (current_schemas(false))
  [1m[36mSQL (1.9ms)[0m  [1m SELECT a.attname, format_type(a.atttypid, a.atttypmod), d.adsrc, a.attnotnull
 FROM pg_attribute a LEFT JOIN pg_attrdef d
 ON a.attrelid = d.adrelid AND a.attnum = d.adnum
 WHERE a.attrelid = '"locations"'::regclass
 AND a.attnum > 0 AND NOT a.attisdropped
 ORDER BY a.attnum
[0m
  [1m[35mLocation Load (1.1ms)[0m  SELECT "locations".* FROM "locations" WHERE "locations"."id" = 2 LIMIT 1
  [1m[36mSQL (1.5ms)[0m  [1m SELECT a.attname, format_type(a.atttypid, a.atttypmod), d.adsrc, a.attnotnull
 FROM pg_attribute a LEFT JOIN pg_attrdef d
 ON a.attrelid = d.adrelid AND a.attnum = d.adnum
 WHERE a.attrelid = '"locations"'::regclass
 AND a.attnum > 0 AND NOT a.attisdropped
 ORDER BY a.attnum
[0m
  [1m[35mLibrary Load (36.1ms)[0m  SELECT "libraries".* FROM "libraries" WHERE (name ILIKE '%Agri Togo%')
  [1m[36mSQL (2.0ms)[0m  [1m SELECT a.attname, format_type(a.atttypid, a.atttypmod), d.adsrc, a.attnotnull
 FROM pg_attribute a LEFT JOIN pg_attrdef d
 ON a.attrelid = d.adrelid AND a.attnum = d.adnum
 WHERE a.attrelid = '"libraries"'::regclass
 AND a.attnum > 0 AND NOT a.attisdropped
 ORDER BY a.attnum
[0m
Rendered locations/edit.rhtml within layouts/application (202.2ms)
Completed 200 OK in 283ms (Views: 184.5ms | ActiveRecord: 48.2ms)


Started GET "/locations" for 127.0.0.1 at Thu Feb 17 02:09:47 -0800 2011
  Processing by LocationsController#index as HTML
  [1m[35mLocation Load (1.1ms)[0m  SELECT "locations".* FROM "locations"
  [1m[36mSQL (1.7ms)[0m  [1m SELECT a.attname, format_type(a.atttypid, a.atttypmod), d.adsrc, a.attnotnull
 FROM pg_attribute a LEFT JOIN pg_attrdef d
 ON a.attrelid = d.adrelid AND a.attnum = d.adnum
 WHERE a.attrelid = '"locations"'::regclass
 AND a.attnum > 0 AND NOT a.attisdropped
 ORDER BY a.attnum
[0m
Rendered locations/index.rhtml within layouts/application (22.7ms)
Completed 200 OK in 49ms (Views: 32.4ms | ActiveRecord: 2.7ms)


Started GET "/locations/1/edit" for 127.0.0.1 at Thu Feb 17 02:09:49 -0800 2011
  Processing by LocationsController#edit as HTML
  Parameters: {"id"=>"1"}
  [1m[35mSQL (3.1ms)[0m   SELECT a.attname, format_type(a.atttypid, a.atttypmod), d.adsrc, a.attnotnull
 FROM pg_attribute a LEFT JOIN pg_attrdef d
 ON a.attrelid = d.adrelid AND a.attnum = d.adnum
 WHERE a.attrelid = '"locations"'::regclass
 AND a.attnum > 0 AND NOT a.attisdropped
 ORDER BY a.attnum
  [1m[36mLocation Load (0.8ms)[0m  [1mSELECT "locations".* FROM "locations" WHERE "locations"."id" = 1 LIMIT 1[0m
  [1m[35mSQL (1.9ms)[0m   SELECT a.attname, format_type(a.atttypid, a.atttypmod), d.adsrc, a.attnotnull
 FROM pg_attribute a LEFT JOIN pg_attrdef d
 ON a.attrelid = d.adrelid AND a.attnum = d.adnum
 WHERE a.attrelid = '"locations"'::regclass
 AND a.attnum > 0 AND NOT a.attisdropped
 ORDER BY a.attnum
  [1m[36mLibrary Load (1.0ms)[0m  [1mSELECT "libraries".* FROM "libraries" WHERE (name ILIKE '%Soca Togo%')[0m
  [1m[35mSQL (1.5ms)[0m   SELECT a.attname, format_type(a.atttypid, a.atttypmod), d.adsrc, a.attnotnull
 FROM pg_attribute a LEFT JOIN pg_attrdef d
 ON a.attrelid = d.adrelid AND a.attnum = d.adnum
 WHERE a.attrelid = '"libraries"'::regclass
 AND a.attnum > 0 AND NOT a.attisdropped
 ORDER BY a.attnum
Rendered locations/edit.rhtml within layouts/application (64.7ms)
Completed 200 OK in 118ms (Views: 71.9ms | ActiveRecord: 8.3ms)


Started POST "/locations/1" for 127.0.0.1 at Thu Feb 17 02:09:53 -0800 2011
  Processing by LocationsController#update as HTML
  Parameters: {"commit"=>"Update Location", "location"=>{"name"=>"Soca Togo", "address"=>"", "fax"=>"", "website"=>"", "telephone"=>"", "email"=>""}, "post"=>{"library_id"=>"2"}, "authenticity_token"=>"VpzDphln2+PQePRPTMAOfGkfkxd1At0NItfSklTyNec=", "utf8"=>"✓", "id"=>"1"}
  [1m[36mSQL (2.5ms)[0m  [1m SELECT a.attname, format_type(a.atttypid, a.atttypmod), d.adsrc, a.attnotnull
 FROM pg_attribute a LEFT JOIN pg_attrdef d
 ON a.attrelid = d.adrelid AND a.attnum = d.adnum
 WHERE a.attrelid = '"libraries"'::regclass
 AND a.attnum > 0 AND NOT a.attisdropped
 ORDER BY a.attnum
[0m
  [1m[35mLibrary Load (1.0ms)[0m  SELECT "libraries".* FROM "libraries" WHERE "libraries"."id" = 2 LIMIT 1
  [1m[36mSQL (1.8ms)[0m  [1m SELECT a.attname, format_type(a.atttypid, a.atttypmod), d.adsrc, a.attnotnull
 FROM pg_attribute a LEFT JOIN pg_attrdef d
 ON a.attrelid = d.adrelid AND a.attnum = d.adnum
 WHERE a.attrelid = '"locations"'::regclass
 AND a.attnum > 0 AND NOT a.attisdropped
 ORDER BY a.attnum
[0m
  [1m[35mLocation Load (0.8ms)[0m  SELECT "locations".* FROM "locations" WHERE "locations"."id" = 1 LIMIT 1
  [1m[36mSQL (1.6ms)[0m  [1m SELECT a.attname, format_type(a.atttypid, a.atttypmod), d.adsrc, a.attnotnull
 FROM pg_attribute a LEFT JOIN pg_attrdef d
 ON a.attrelid = d.adrelid AND a.attnum = d.adnum
 WHERE a.attrelid = '"libraries"'::regclass
 AND a.attnum > 0 AND NOT a.attisdropped
 ORDER BY a.attnum
[0m
  [1m[35mSQL (0.4ms)[0m  BEGIN
  [1m[36mSQL (1.7ms)[0m  [1m SELECT a.attname, format_type(a.atttypid, a.atttypmod), d.adsrc, a.attnotnull
 FROM pg_attribute a LEFT JOIN pg_attrdef d
 ON a.attrelid = d.adrelid AND a.attnum = d.adnum
 WHERE a.attrelid = '"locations"'::regclass
 AND a.attnum > 0 AND NOT a.attisdropped
 ORDER BY a.attnum
[0m
  [1m[35mAREL (9.6ms)[0m  UPDATE "locations" SET "updated_at" = '2011-02-17 10:09:53.461028', "email" = 'http://togophonebook.com/c/e/106520/8.gif', "fax" = '265 2 87', "address" = 'Immeuble Avenida, BP 8480', "telephone" = '265 32 94' WHERE "locations"."id" = 1
  [1m[36mSQL (1.3ms)[0m  [1mCOMMIT[0m
Redirected to http://localhost:3000/locations
Completed 302 Found in 143ms


Started GET "/locations" for 127.0.0.1 at Thu Feb 17 02:09:53 -0800 2011
  Processing by LocationsController#index as HTML
  [1m[35mLocation Load (0.8ms)[0m  SELECT "locations".* FROM "locations"
  [1m[36mSQL (1.6ms)[0m  [1m SELECT a.attname, format_type(a.atttypid, a.atttypmod), d.adsrc, a.attnotnull
 FROM pg_attribute a LEFT JOIN pg_attrdef d
 ON a.attrelid = d.adrelid AND a.attnum = d.adnum
 WHERE a.attrelid = '"locations"'::regclass
 AND a.attnum > 0 AND NOT a.attisdropped
 ORDER BY a.attnum
[0m
Rendered locations/index.rhtml within layouts/application (25.0ms)
Completed 200 OK in 49ms (Views: 32.8ms | ActiveRecord: 2.4ms)


Started GET "/locations/1/edit" for 127.0.0.1 at Thu Feb 17 02:09:56 -0800 2011
  Processing by LocationsController#edit as HTML
  Parameters: {"id"=>"1"}
  [1m[35mSQL (2.8ms)[0m   SELECT a.attname, format_type(a.atttypid, a.atttypmod), d.adsrc, a.attnotnull
 FROM pg_attribute a LEFT JOIN pg_attrdef d
 ON a.attrelid = d.adrelid AND a.attnum = d.adnum
 WHERE a.attrelid = '"locations"'::regclass
 AND a.attnum > 0 AND NOT a.attisdropped
 ORDER BY a.attnum
  [1m[36mLocation Load (1.0ms)[0m  [1mSELECT "locations".* FROM "locations" WHERE "locations"."id" = 1 LIMIT 1[0m
  [1m[35mSQL (1.9ms)[0m   SELECT a.attname, format_type(a.atttypid, a.atttypmod), d.adsrc, a.attnotnull
 FROM pg_attribute a LEFT JOIN pg_attrdef d
 ON a.attrelid = d.adrelid AND a.attnum = d.adnum
 WHERE a.attrelid = '"locations"'::regclass
 AND a.attnum > 0 AND NOT a.attisdropped
 ORDER BY a.attnum
  [1m[36mLibrary Load (1.0ms)[0m  [1mSELECT "libraries".* FROM "libraries" WHERE (name ILIKE '%Soca Togo%')[0m
  [1m[35mSQL (1.5ms)[0m   SELECT a.attname, format_type(a.atttypid, a.atttypmod), d.adsrc, a.attnotnull
 FROM pg_attribute a LEFT JOIN pg_attrdef d
 ON a.attrelid = d.adrelid AND a.attnum = d.adnum
 WHERE a.attrelid = '"libraries"'::regclass
 AND a.attnum > 0 AND NOT a.attisdropped
 ORDER BY a.attnum
Rendered locations/edit.rhtml within layouts/application (56.5ms)
Completed 200 OK in 115ms (Views: 66.1ms | ActiveRecord: 8.2ms)


Started GET "/locations" for 127.0.0.1 at Thu Feb 17 02:09:58 -0800 2011
  Processing by LocationsController#index as HTML
  [1m[36mLocation Load (0.8ms)[0m  [1mSELECT "locations".* FROM "locations"[0m
  [1m[35mSQL (2.0ms)[0m   SELECT a.attname, format_type(a.atttypid, a.atttypmod), d.adsrc, a.attnotnull
 FROM pg_attribute a LEFT JOIN pg_attrdef d
 ON a.attrelid = d.adrelid AND a.attnum = d.adnum
 WHERE a.attrelid = '"locations"'::regclass
 AND a.attnum > 0 AND NOT a.attisdropped
 ORDER BY a.attnum
Rendered locations/index.rhtml within layouts/application (24.4ms)
Completed 200 OK in 51ms (Views: 32.0ms | ActiveRecord: 2.8ms)
